drivers/misc/mediatek/nfc/Kconfig:22:warning: ignoring type redefinition of 'MTK_NFC_CLKBUF_ENABLE' from 'boolean' to 'tristate'
../drivers/misc/mediatek/connectivity/common/Makefile:116: wmt_drv build-in boot.img
../drivers/misc/mediatek/connectivity/wlan/adaptor/Makefile:53: wmt_chrdev_wifi build-in boot.img
../drivers/misc/mediatek/connectivity/wlan/core/gen4m/Makefile:423: wlan_6785_axi build-in boot.img
../kernel/cpu.c:2339:5: warning: 'CONFIG_LITTLE_CPU_MASK' is not defined, evaluates to 0 [-Wundef]
#if CONFIG_LITTLE_CPU_MASK
    ^
../kernel/cpu.c:2347:5: warning: 'CONFIG_BIG_CPU_MASK' is not defined, evaluates to 0 [-Wundef]
#if CONFIG_BIG_CPU_MASK
    ^
2 warnings generated.
../kernel/cpu.c:2339:5: warning: 'CONFIG_LITTLE_CPU_MASK' is not defined, evaluates to 0 [-Wundef]
#if CONFIG_LITTLE_CPU_MASK
    ^
../kernel/cpu.c:2347:5: warning: 'CONFIG_BIG_CPU_MASK' is not defined, evaluates to 0 [-Wundef]
#if CONFIG_BIG_CPU_MASK
    ^
2 warnings generated.
../block/sioplus-iosched.c:63:7: warning: comparison of distinct pointer types ('unsigned long *' and 'typeof (rq->fifo_time) *' (aka 'unsigned long long *')) [-Wcompare-distinct-pointer-types]
                if (time_before(next->fifo_time, rq->fifo_time)) {
                    ^~~~~~~~~~~~~~~~~~~~~~~~~~~~~~~~~~~~~~~~~~~
../include/linux/jiffies.h:109:26: note: expanded from macro 'time_before'
#define time_before(a,b)        time_after(b,a)
                                ^~~~~~~~~~~~~~~
../include/linux/jiffies.h:106:3: note: expanded from macro 'time_after'
        (typecheck(unsigned long, a) && \
         ^~~~~~~~~~~~~~~~~~~~~~~~~~~
../include/linux/typecheck.h:12:18: note: expanded from macro 'typecheck'
        (void)(&__dummy == &__dummy2); \
               ~~~~~~~~ ^  ~~~~~~~~~
../block/sioplus-iosched.c:63:7: warning: comparison of distinct pointer types ('unsigned long *' and 'typeof (next->fifo_time) *' (aka 'unsigned long long *')) [-Wcompare-distinct-pointer-types]
                if (time_before(next->fifo_time, rq->fifo_time)) {
                    ^~~~~~~~~~~~~~~~~~~~~~~~~~~~~~~~~~~~~~~~~~~
../include/linux/jiffies.h:109:26: note: expanded from macro 'time_before'
#define time_before(a,b)        time_after(b,a)
                                ^~~~~~~~~~~~~~~
../include/linux/jiffies.h:107:3: note: expanded from macro 'time_after'
         typecheck(unsigned long, b) && \
         ^~~~~~~~~~~~~~~~~~~~~~~~~~~
../include/linux/typecheck.h:12:18: note: expanded from macro 'typecheck'
        (void)(&__dummy == &__dummy2); \
               ~~~~~~~~ ^  ~~~~~~~~~
../block/sioplus-iosched.c:113:6: warning: comparison of distinct pointer types ('unsigned long *' and 'typeof (rq->fifo_time) *' (aka 'unsigned long long *')) [-Wcompare-distinct-pointer-types]
        if (time_after_eq(jiffies, rq->fifo_time))
            ^~~~~~~~~~~~~~~~~~~~~~~~~~~~~~~~~~~~~
../include/linux/jiffies.h:113:3: note: expanded from macro 'time_after_eq'
         typecheck(unsigned long, b) && \
         ^~~~~~~~~~~~~~~~~~~~~~~~~~~
../include/linux/typecheck.h:12:18: note: expanded from macro 'typecheck'
        (void)(&__dummy == &__dummy2); \
               ~~~~~~~~ ^  ~~~~~~~~~
3 warnings generated.
../kernel/sched/core.c:4589:6: warning: unused variable 'i' [-Wunused-variable]
        int i = 0;
            ^
1 warning generated.
../fs/f2fs/file.c:263:22: warning: unused variable 'delta' [-Wunused-variable]
        ktime_t start_time, delta;
                            ^
../fs/f2fs/file.c:264:21: warning: unused variable 'duration' [-Wunused-variable]
        unsigned long long duration;
                           ^
2 warnings generated.
In file included from ../kernel/sched/fair.c:12673:
../kernel/sched/eas_plus.c:912:28: warning: unused variable 'sg' [-Wunused-variable]
        const struct sched_group *sg;
                                  ^
../kernel/sched/eas_plus.c:911:23: warning: unused variable 'sd' [-Wunused-variable]
        struct sched_domain *sd;
                             ^
../kernel/sched/eas_plus.c:1735:13: warning: unused variable 'rq' [-Wunused-variable]
        struct rq *rq = cpu_rq(target_cpu);
                   ^
../kernel/sched/eas_plus.c:1734:22: warning: unused variable 'target_tsk' [-Wunused-variable]
        struct task_struct *target_tsk;
                            ^
4 warnings generated.
../net/core/dev.c:3867:17: warning: ISO C90 forbids mixing declarations and code [-Wdeclaration-after-statement]
        struct udphdr *uh = (struct udphdr *)(skb->data+(iph->ihl<<2));
                       ^
1 warning generated.
../fs/kernfs/file.c:273:16: warning: stack frame size of 4176 bytes in function 'kernfs_fop_write' [-Wframe-larger-than=]
static ssize_t kernfs_fop_write(struct file *file, const char __user *user_buf,
               ^
1 warning generated.
../drivers/i2c/busses/i2c-mtk.c:614:3: warning: add explicit braces to avoid dangling else [-Wdangling-else]
                else {
                ^
../drivers/i2c/busses/i2c-mtk.c:1758:27: warning: unused variable 'mtk_i2c_syscore_ops' [-Wunused-variable]
static struct syscore_ops mtk_i2c_syscore_ops = {
                          ^
2 warnings generated.
../fs/proc/cmdline.c:59:7: warning: ISO C90 forbids mixing declarations and code [-Wdeclaration-after-statement]
        bool ret = r_len == v_len && !memcmp(r_val, val, r_len);
             ^
1 warning generated.
../drivers/input/touchscreen/NT36672A_G7/nt36xxx_mp_ctrlram.c:1703:2: warning: 'snprintf' size argument is too large; destination buffer has size 64, but size argument is 4096 [-Wfortify-source]
        snprintf(mp_setting_criteria_csv_filename, PAGE_SIZE, "NT36xxx_MP_Setting_Criteria_%04X.csv", ts->nvt_pid);
        ^
../drivers/input/touchscreen/NT36672A_G7/nt36xxx_mp_ctrlram.c:1718:4: warning: 'snprintf' size argument is too large; destination buffer has size 32, but size argument is 4096 [-Wfortify-source]
                        snprintf(mpcriteria, PAGE_SIZE, "novatek-mp-criteria-%04X", ts->nvt_pid);
                        ^
../drivers/input/touchscreen/NT36672A_G7/nt36xxx_mp_ctrlram.c:2111:2: warning: 'snprintf' size argument is too large; destination buffer has size 64, but size argument is 4096 [-Wfortify-source]
        snprintf(mp_setting_criteria_csv_filename, PAGE_SIZE, "NT36xxx_MP_Setting_Criteria_%04X.csv", ts->nvt_pid);
        ^
../drivers/input/touchscreen/NT36672A_G7/nt36xxx_mp_ctrlram.c:2126:4: warning: 'snprintf' size argument is too large; destination buffer has size 32, but size argument is 4096 [-Wfortify-source]
                        snprintf(mpcriteria, PAGE_SIZE, "novatek-mp-criteria-%04X", ts->nvt_pid);
                        ^
../drivers/input/touchscreen/NT36672A_G7/nt36xxx_mp_ctrlram.c:2233:2: warning: 'snprintf' size argument is too large; destination buffer has size 64, but size argument is 4096 [-Wfortify-source]
        snprintf(mp_setting_criteria_csv_filename, PAGE_SIZE, "NT36xxx_MP_Setting_Criteria_%04X.csv", ts->nvt_pid);
        ^
../drivers/input/touchscreen/NT36672A_G7/nt36xxx_mp_ctrlram.c:2248:4: warning: 'snprintf' size argument is too large; destination buffer has size 32, but size argument is 4096 [-Wfortify-source]
                        snprintf(mpcriteria, PAGE_SIZE, "novatek-mp-criteria-%04X", ts->nvt_pid);
                        ^
6 warnings generated.
../drivers/md/dm-bow.c:15:9: warning: 'SECTOR_SIZE' macro redefined [-Wmacro-redefined]
#define SECTOR_SIZE 512
        ^
../include/linux/blkdev.h:1049:9: note: previous definition is here
#define SECTOR_SIZE (1 << SECTOR_SHIFT)
        ^
1 warning generated.
../net/xfrm/xfrm_state.c:936:13: warning: unused function 'xfrm_state_print_back_trace' [-Wunused-function]
static void xfrm_state_print_back_trace(struct xfrm_state *x)
            ^
../net/xfrm/xfrm_state.c:951:13: warning: unused function 'xfrm_state_print_refcount_back_trace' [-Wunused-function]
static void xfrm_state_print_refcount_back_trace(struct xfrm_state *x)
            ^
2 warnings generated.
../drivers/mmc/host/mediatek/ComboA/sd.c:4406:16: warning: unused variable 'flags' [-Wunused-variable]
        unsigned long flags;
                      ^
1 warning generated.
../drivers/mmc/host/mediatek/ComboA/dbg.c:2619:4: warning: misleading indentation; statement is not part of the previous 'if' [-Wmisleading-indentation]
                        host = mtk_msdc_host[id];
                        ^
../drivers/mmc/host/mediatek/ComboA/dbg.c:2616:3: note: previous statement is here
                if (id >= HOST_MAX_NUM || id < 0)
                ^
1 warning generated.
../drivers/pinctrl/mediatek/mtk-eint.c:119:6: warning: ISO C90 forbids mixing declarations and code [-Wdeclaration-after-statement]
        u32 mask = BIT(d->hwirq & 0x1f);
            ^
1 warning generated.
../drivers/soc/mediatek/mtk-pmic-wrap.c:3248:13: warning: unused function 'pwrap_irq_thread_init' [-Wunused-function]
static void pwrap_irq_thread_init(void)
            ^
../drivers/soc/mediatek/mtk-cmdq-helper.c:599:11: warning: incompatible integer to pointer conversion returning 'int' from a function with result type 'void *' [-Wint-conversion]
                        return -ENOMEM;
                               ^~~~~~~
1 warning generated.
1 warning generated.
../drivers/staging/android/ion/mtk/ion_drv.c:464:19: warning: unused variable 'heap' [-Wunused-variable]
        struct ion_heap *heap = NULL;
                         ^
1 warning generated.
../drivers/staging/android/ion/mtk/ion_mm_heap.c:2313:31: warning: unused variable 'buffer_info' [-Wunused-variable]
                        struct ion_mm_buffer_info *buffer_info =
                                                   ^
../drivers/staging/android/ion/mtk/ion_mm_heap.c:297:12: warning: unused function 'ion_mm_heap_init_domain' [-Wunused-function]
static int ion_mm_heap_init_domain(struct ion_mm_buffer_info *buffer_info,
           ^
2 warnings generated.
../drivers/scsi/ufs/ufshcd.c:1837:7: warning: unused variable 'flush_result' [-Wunused-variable]
        bool flush_result;
             ^
../drivers/scsi/ufs/ufshcd.c:9217:24: warning: ISO C90 forbids mixing declarations and code [-Wdeclaration-after-statement]
        enum ufs_dev_pwr_mode old_pwr_mode;
                              ^
2 warnings generated.
../drivers/scsi/ufs/ufs-mtk.c:2686:18: warning: unused variable 'hba' [-Wunused-variable]
        struct ufs_hba *hba;
                        ^
../drivers/scsi/ufs/ufs-mtk.c:2687:23: warning: unused variable 'host' [-Wunused-variable]
        struct ufs_mtk_host *host;
                             ^
../drivers/scsi/ufs/ufs-mtk.c:2740:23: warning: unused variable 'host' [-Wunused-variable]
        struct ufs_mtk_host *host = ufshcd_get_variant(hba);
                             ^
3 warnings generated.
../drivers/scsi/ufs/mediatek/mt6785/ufs-mtk-platform.c:247:6: warning: unused variable 'value' [-Wunused-variable]
        u32 value;
            ^
../drivers/scsi/ufs/mediatek/mt6785/ufs-mtk-platform.c:361:23: warning: unused variable 'host' [-Wunused-variable]
        struct ufs_mtk_host *host = ufshcd_get_variant(hba);
                             ^
2 warnings generated.
../drivers/misc/mediatek/connectivity/common/Makefile:116: wmt_drv build-in boot.img
../drivers/usb/gadget/configfs.c:1596:12: warning: unused function 'configfs_composite_setup' [-Wunused-function]
static int configfs_composite_setup(struct usb_gadget *gadget,
           ^
../drivers/usb/gadget/configfs.c:1621:13: warning: unused function 'configfs_composite_disconnect' [-Wunused-function]
static void configfs_composite_disconnect(struct usb_gadget *gadget)
            ^
2 warnings generated.
../drivers/misc/mediatek/connectivity/wlan/adaptor/Makefile:53: wmt_chrdev_wifi build-in boot.img
../drivers/misc/mediatek/connectivity/wlan/core/gen4m/Makefile:423: wlan_6785_axi build-in boot.img
../drivers/usb/mtu3/mtu3_gadget.c:675:6: warning: unused variable 'i' [-Wunused-variable]
        int i;
            ^
1 warning generated.
../drivers/misc/mediatek/gpu/ged/src/ged_hal.c:208:9: warning: unused variable 'j' [-Wunused-variable]
        int i, j;
               ^
1 warning generated.
../drivers/misc/mediatek/gpu/gpu_mali/mali_bifrost/mali-r25p0/drivers/gpu/arm/midgard/mali_kbase_core_linux.c:558:46: warning: '&' within '|' [-Wbitwise-op-parentheses]
                kbdev->irqs[irqtag].flags = irq_res->flags & IRQF_TRIGGER_MASK | IRQF_PERF_AFFINE;
                                            ~~~~~~~~~~~~~~~^~~~~~~~~~~~~~~~~~~ ~
../drivers/misc/mediatek/gpu/gpu_mali/mali_bifrost/mali-r25p0/drivers/gpu/arm/midgard/mali_kbase_core_linux.c:558:46: note: place parentheses around the '&' expression to silence this warning
                kbdev->irqs[irqtag].flags = irq_res->flags & IRQF_TRIGGER_MASK | IRQF_PERF_AFFINE;
                                            ~~~~~~~~~~~~~~~^~~~~~~~~~~~~~~~~~~
1 warning generated.
../drivers/misc/mediatek/connectivity/wlan/core/gen4m/chips/common/fw_dl.c:2351:9: warning: ROM code supports SEM-CTRL for ROM patch download [-W#pragma-messages]
#pragma message("ROM code supports SEM-CTRL for ROM patch download")
        ^
1 warning generated.
../drivers/misc/mediatek/teei/300/tz_driver/teei_client_main.c:68:6: warning: 'CONFIG_MICROTRUST_TZ_DRIVER_MTK_BOOTPROF' is not defined, evaluates to 0 [-Wundef]
#if (CONFIG_MICROTRUST_TZ_DRIVER_MTK_BOOTPROF && CONFIG_MTPROF)
     ^
1 warning generated.
../drivers/misc/mediatek/teei/300/tz_driver/teei_client_main.c:68:6: warning: 'CONFIG_MICROTRUST_TZ_DRIVER_MTK_BOOTPROF' is not defined, evaluates to 0 [-Wundef]
#if (CONFIG_MICROTRUST_TZ_DRIVER_MTK_BOOTPROF && CONFIG_MTPROF)
     ^
1 warning generated.
../drivers/misc/mediatek/teei/300/tz_driver/teei_smc_call.c:30:9: warning: 'IMSG_TAG' macro redefined [-Wmacro-redefined]
#define IMSG_TAG "[tz_driver]"
        ^
../drivers/misc/mediatek/teei/300/common/include/imsg_log.h:19:9: note: previous definition is here
#define IMSG_TAG "[ISEE DRV]"
        ^
1 warning generated.
../drivers/misc/mediatek/teei/300/tz_driver/teei_smc_call.c:30:9: warning: 'IMSG_TAG' macro redefined [-Wmacro-redefined]
#define IMSG_TAG "[tz_driver]"
        ^
../drivers/misc/mediatek/teei/300/common/include/imsg_log.h:19:9: note: previous definition is here
#define IMSG_TAG "[ISEE DRV]"
        ^
1 warning generated.
../drivers/misc/mediatek/teei/300/tz_driver/switch_queue.c:46:9: warning: 'IMSG_TAG' macro redefined [-Wmacro-redefined]
#define IMSG_TAG "[tz_driver]"
        ^
../drivers/misc/mediatek/teei/300/common/include/imsg_log.h:19:9: note: previous definition is here
#define IMSG_TAG "[ISEE DRV]"
        ^
../drivers/misc/mediatek/teei/300/tz_driver/switch_queue.c:162:26: warning: unused variable 's' [-Wunused-variable]
        struct tz_driver_state *s = get_tz_drv_state();
                                ^
2 warnings generated.
ld.lld: error: duplicate symbol: cpu_lp_mask
>>> defined at cpu.c
>>>            kernel/cpu.o:(cpu_lp_mask) in archive built-in.o
>>> defined at cpu_input_boost.c
>>>            drivers/cpufreq/cpu_input_boost.o:(.rodata+0x188) in archive built-in.o

ld.lld: error: duplicate symbol: cpu_perf_mask
>>> defined at cpu.c
>>>            kernel/cpu.o:(cpu_perf_mask) in archive built-in.o
>>> defined at cpu_input_boost.c
>>>            drivers/cpufreq/cpu_input_boost.o:(.rodata+0x198) in archive built-in.o
make[1]: *** [/home/decoder/triade/kernel_xiaomi_begonia/Makefile:1151: vmlinux] Ошибка 1
make: *** [Makefile:146: sub-make] Ошибка 2
